# JRE version: OpenJDK Runtime Environment Temurin-21.0.7+6 (21.0.7+6) (build 21.0.7+6-LTS)
# Java VM: OpenJDK 64-Bit Server VM Temurin-21.0.7+6 (21.0.7+6-LTS, mixed mode, emulated-client, sharing, tiered, compressed oops, compressed class ptrs, g1 gc, windows-amd64)
GC Precious Log:
 CardTable entry size: 512
 Card Set container configuration: InlinePtr #cards 5 size 8 Array Of Cards #cards 12 size 40 Howl #buckets 4 coarsen threshold 1843 Howl Bitmap #cards 512 size 80 coarsen threshold 460 Card regions per heap region 1 cards per card region 2048
 CPUs: 4 total, 4 available
 Memory: 8025M
 Large Page Support: Disabled
 NUMA Support: Disabled
 Compressed Oops: Enabled (32-bit)
 Heap Region Size: 1M
 Heap Min Capacity: 8M
 Heap Initial Capacity: 126M
 Heap Max Capacity: 2008M
 Pre-touch: Disabled
 Parallel Workers: 4
 Concurrent Workers: 1
 Concurrent Refinement Workers: 4
 Periodic GC: Disabled
Heap:
 garbage-first heap   total 61440K, used 46638K [0x0000000082800000, 0x0000000100000000)
  region size 1024K, 23 young (23552K), 4 survivors (4096K)
 Metaspace       used 67305K, committed 68032K, reserved 1114112K
  class space    used 9397K, committed 9728K, reserved 1048576K
GC Heap History (20 events):
Event: 2.486 GC heap before
{Heap before GC invocations=2 (full 0):
 garbage-first heap   total 129024K, used 42685K [0x0000000082800000, 0x0000000100000000)
  region size 1024K, 36 young (36864K), 2 survivors (2048K)
 Metaspace       used 17536K, committed 17984K, reserved 1114112K
  class space    used 2300K, committed 2496K, reserved 1048576K
}
Event: 2.493 GC heap after
{Heap after GC invocations=3 (full 0):
 garbage-first heap   total 129024K, used 11482K [0x0000000082800000, 0x0000000100000000)
  region size 1024K, 5 young (5120K), 5 survivors (5120K)
 Metaspace       used 17536K, committed 17984K, reserved 1114112K
  class space    used 2300K, committed 2496K, reserved 1048576K
}
Event: 2.929 GC heap before
{Heap before GC invocations=3 (full 0):
 garbage-first heap   total 129024K, used 32986K [0x0000000082800000, 0x0000000100000000)
  region size 1024K, 28 young (28672K), 5 survivors (5120K)
 Metaspace       used 21108K, committed 21504K, reserved 1114112K
  class space    used 2789K, committed 2944K, reserved 1048576K
}
Event: 2.940 GC heap after
{Heap after GC invocations=4 (full 0):
 garbage-first heap   total 129024K, used 14511K [0x0000000082800000, 0x0000000100000000)
  region size 1024K, 8 young (8192K), 8 survivors (8192K)
 Metaspace       used 21108K, committed 21504K, reserved 1114112K
  class space    used 2789K, committed 2944K, reserved 1048576K
}
Event: 3.683 GC heap before
{Heap before GC invocations=5 (full 0):
 garbage-first heap   total 51200K, used 37039K [0x0000000082800000, 0x0000000100000000)
  region size 1024K, 30 young (30720K), 8 survivors (8192K)
 Metaspace       used 23627K, committed 24064K, reserved 1114112K
  class space    used 3175K, committed 3392K, reserved 1048576K
}
Event: 3.705 GC heap after
{Heap after GC invocations=6 (full 0):
 garbage-first heap   total 51200K, used 15491K [0x0000000082800000, 0x0000000100000000)
  region size 1024K, 2 young (2048K), 2 survivors (2048K)
 Metaspace       used 23627K, committed 24064K, reserved 1114112K
  class space    used 3175K, committed 3392K, reserved 1048576K
}
Event: 4.438 GC heap before
{Heap before GC invocations=6 (full 0):
 garbage-first heap   total 51200K, used 39043K [0x0000000082800000, 0x0000000100000000)
  region size 1024K, 26 young (26624K), 2 survivors (2048K)
 Metaspace       used 27314K, committed 27840K, reserved 1114112K
  class space    used 3748K, committed 3968K, reserved 1048576K
}
Event: 4.459 GC heap after
{Heap after GC invocations=7 (full 0):
 garbage-first heap   total 51200K, used 17876K [0x0000000082800000, 0x0000000100000000)
  region size 1024K, 4 young (4096K), 4 survivors (4096K)
 Metaspace       used 27314K, committed 27840K, reserved 1114112K
  class space    used 3748K, committed 3968K, reserved 1048576K
}
Event: 5.246 GC heap before
{Heap before GC invocations=7 (full 0):
 garbage-first heap   total 51200K, used 41428K [0x0000000082800000, 0x0000000100000000)
  region size 1024K, 27 young (27648K), 4 survivors (4096K)
 Metaspace       used 32250K, committed 32832K, reserved 1114112K
  class space    used 4410K, committed 4672K, reserved 1048576K
}
Event: 5.256 GC heap after
{Heap after GC invocations=8 (full 0):
 garbage-first heap   total 61440K, used 20105K [0x0000000082800000, 0x0000000100000000)
  region size 1024K, 2 young (2048K), 2 survivors (2048K)
 Metaspace       used 32250K, committed 32832K, reserved 1114112K
  class space    used 4410K, committed 4672K, reserved 1048576K
}
Event: 5.585 GC heap before
{Heap before GC invocations=8 (full 0):
 garbage-first heap   total 61440K, used 31369K [0x0000000082800000, 0x0000000100000000)
  region size 1024K, 15 young (15360K), 2 survivors (2048K)
 Metaspace       used 35511K, committed 36096K, reserved 1114112K
  class space    used 4961K, committed 5184K, reserved 1048576K
}
Event: 5.589 GC heap after
{Heap after GC invocations=9 (full 0):
 garbage-first heap   total 61440K, used 20627K [0x0000000082800000, 0x0000000100000000)
  region size 1024K, 3 young (3072K), 3 survivors (3072K)
 Metaspace       used 35511K, committed 36096K, reserved 1114112K
  class space    used 4961K, committed 5184K, reserved 1048576K
}
Event: 6.904 GC heap before
{Heap before GC invocations=10 (full 0):
 garbage-first heap   total 61440K, used 52371K [0x0000000082800000, 0x0000000100000000)
  region size 1024K, 34 young (34816K), 3 survivors (3072K)
 Metaspace       used 46583K, committed 47232K, reserved 1114112K
  class space    used 6365K, committed 6656K, reserved 1048576K
}
Event: 6.912 GC heap after
{Heap after GC invocations=11 (full 0):
 garbage-first heap   total 61440K, used 23477K [0x0000000082800000, 0x0000000100000000)
  region size 1024K, 5 young (5120K), 5 survivors (5120K)
 Metaspace       used 46583K, committed 47232K, reserved 1114112K
  class space    used 6365K, committed 6656K, reserved 1048576K
}
Event: 7.769 GC heap before
{Heap before GC invocations=11 (full 0):
 garbage-first heap   total 61440K, used 53173K [0x0000000082800000, 0x0000000100000000)
  region size 1024K, 34 young (34816K), 5 survivors (5120K)
 Metaspace       used 54675K, committed 55296K, reserved 1114112K
  class space    used 7573K, committed 7872K, reserved 1048576K
}
Event: 7.781 GC heap after
{Heap after GC invocations=12 (full 0):
 garbage-first heap   total 61440K, used 24755K [0x0000000082800000, 0x0000000100000000)
  region size 1024K, 2 young (2048K), 2 survivors (2048K)
 Metaspace       used 54675K, committed 55296K, reserved 1114112K
  class space    used 7573K, committed 7872K, reserved 1048576K
}
Event: 8.605 GC heap before
{Heap before GC invocations=12 (full 0):
 garbage-first heap   total 61440K, used 49331K [0x0000000082800000, 0x0000000100000000)
  region size 1024K, 27 young (27648K), 2 survivors (2048K)
 Metaspace       used 59952K, committed 60608K, reserved 1114112K
  class space    used 8319K, committed 8640K, reserved 1048576K
}
Event: 8.611 GC heap after
{Heap after GC invocations=13 (full 0):
 garbage-first heap   total 61440K, used 26505K [0x0000000082800000, 0x0000000100000000)
  region size 1024K, 4 young (4096K), 4 survivors (4096K)
 Metaspace       used 59952K, committed 60608K, reserved 1114112K
  class space    used 8319K, committed 8640K, reserved 1048576K
}
Event: 9.493 GC heap before
{Heap before GC invocations=14 (full 0):
 garbage-first heap   total 61440K, used 52105K [0x0000000082800000, 0x0000000100000000)
  region size 1024K, 30 young (30720K), 4 survivors (4096K)
 Metaspace       used 62938K, committed 63680K, reserved 1114112K
  class space    used 8827K, committed 9152K, reserved 1048576K
}
Event: 9.503 GC heap after
{Heap after GC invocations=15 (full 0):
 garbage-first heap   total 61440K, used 29230K [0x0000000082800000, 0x0000000100000000)
  region size 1024K, 4 young (4096K), 4 survivors (4096K)
 Metaspace       used 62938K, committed 63680K, reserved 1114112K
  class space    used 8827K, committed 9152K, reserved 1048576K
}

